{"/Users/manny/Projects/pokedex/source/assets/images/background-bar.png": {"path":"/Users/manny/Projects/pokedex/source/assets/images/background-bar.png","statementMap":{"0":{"start":{"line":1,"column":0},"end":{"line":4,"column":6}}},"fnMap":{},"branchMap":{},"s":{"0":1},"f":{},"b":{},"_coverageSchema":"43e27e138ebf9cfc5966b082cf9a028302ed4184","hash":"e6bd17a39a0b7d67c97c7378016123475ae98f16"}
,"/Users/manny/Projects/pokedex/source/components/Bar.js": {"path":"/Users/manny/Projects/pokedex/source/components/Bar.js","statementMap":{"0":{"start":{"line":12,"column":18},"end":{"line":12,"column":42}},"1":{"start":{"line":13,"column":16},"end":{"line":13,"column":32}},"2":{"start":{"line":15,"column":15},"end":{"line":52,"column":2}},"3":{"start":{"line":54,"column":12},"end":{"line":85,"column":1}},"4":{"start":{"line":55,"column":21},"end":{"line":55,"column":50}},"5":{"start":{"line":56,"column":19},"end":{"line":56,"column":43}},"6":{"start":{"line":57,"column":4},"end":{"line":84,"column":6}},"7":{"start":{"line":87,"column":0},"end":{"line":89,"column":2}},"8":{"start":{"line":91,"column":0},"end":{"line":93,"column":2}}},"fnMap":{"0":{"name":"(anonymous_0)","decl":{"start":{"line":54,"column":12},"end":{"line":54,"column":13}},"loc":{"start":{"line":54,"column":26},"end":{"line":85,"column":1}},"line":54}},"branchMap":{},"s":{"0":1,"1":1,"2":1,"3":1,"4":3,"5":3,"6":3,"7":1,"8":1},"f":{"0":3},"b":{},"_coverageSchema":"43e27e138ebf9cfc5966b082cf9a028302ed4184","hash":"c13488351571712b71885940ed1b349d6e756261"}
,"/Users/manny/Projects/pokedex/source/util/index.js": {"path":"/Users/manny/Projects/pokedex/source/util/index.js","statementMap":{"0":{"start":{"line":3,"column":24},"end":{"line":3,"column":51}},"1":{"start":{"line":4,"column":27},"end":{"line":4,"column":101}},"2":{"start":{"line":6,"column":24},"end":{"line":9,"column":2}},"3":{"start":{"line":11,"column":35},"end":{"line":14,"column":2}},"4":{"start":{"line":16,"column":26},"end":{"line":16,"column":35}},"5":{"start":{"line":17,"column":32},"end":{"line":17,"column":45}},"6":{"start":{"line":18,"column":25},"end":{"line":18,"column":34}},"7":{"start":{"line":19,"column":28},"end":{"line":19,"column":37}},"8":{"start":{"line":20,"column":30},"end":{"line":20,"column":39}},"9":{"start":{"line":21,"column":28},"end":{"line":21,"column":37}},"10":{"start":{"line":22,"column":27},"end":{"line":22,"column":35}},"11":{"start":{"line":23,"column":30},"end":{"line":23,"column":47}},"12":{"start":{"line":24,"column":26},"end":{"line":24,"column":35}},"13":{"start":{"line":32,"column":24},"end":{"line":35,"column":6}},"14":{"start":{"line":32,"column":40},"end":{"line":35,"column":6}},"15":{"start":{"line":33,"column":4},"end":{"line":33,"column":42}},"16":{"start":{"line":34,"column":4},"end":{"line":34,"column":23}},"17":{"start":{"line":37,"column":30},"end":{"line":41,"column":6}},"18":{"start":{"line":37,"column":53},"end":{"line":41,"column":6}},"19":{"start":{"line":38,"column":25},"end":{"line":38,"column":45}},"20":{"start":{"line":39,"column":4},"end":{"line":39,"column":41}},"21":{"start":{"line":40,"column":4},"end":{"line":40,"column":23}},"22":{"start":{"line":43,"column":30},"end":{"line":43,"column":41}},"23":{"start":{"line":50,"column":31},"end":{"line":50,"column":89}},"24":{"start":{"line":50,"column":41},"end":{"line":50,"column":89}}},"fnMap":{"0":{"name":"(anonymous_0)","decl":{"start":{"line":32,"column":24},"end":{"line":32,"column":25}},"loc":{"start":{"line":32,"column":40},"end":{"line":35,"column":6}},"line":32},"1":{"name":"(anonymous_1)","decl":{"start":{"line":32,"column":53},"end":{"line":32,"column":54}},"loc":{"start":{"line":32,"column":80},"end":{"line":35,"column":1}},"line":32},"2":{"name":"(anonymous_2)","decl":{"start":{"line":37,"column":30},"end":{"line":37,"column":31}},"loc":{"start":{"line":37,"column":53},"end":{"line":41,"column":6}},"line":37},"3":{"name":"(anonymous_3)","decl":{"start":{"line":37,"column":66},"end":{"line":37,"column":67}},"loc":{"start":{"line":37,"column":93},"end":{"line":41,"column":1}},"line":37},"4":{"name":"(anonymous_4)","decl":{"start":{"line":50,"column":31},"end":{"line":50,"column":32}},"loc":{"start":{"line":50,"column":41},"end":{"line":50,"column":89}},"line":50}},"branchMap":{},"s":{"0":1,"1":1,"2":1,"3":1,"4":1,"5":1,"6":1,"7":1,"8":1,"9":1,"10":1,"11":1,"12":1,"13":1,"14":0,"15":0,"16":0,"17":1,"18":0,"19":0,"20":0,"21":0,"22":1,"23":1,"24":0},"f":{"0":0,"1":0,"2":0,"3":0,"4":0},"b":{},"_coverageSchema":"43e27e138ebf9cfc5966b082cf9a028302ed4184","hash":"17c64064fd335cdb93946628b9a2416ca61f6d13"}
}
