TN:
SF:/Users/manny/Projects/pokedex/source/assets/images/background-bar.png
FNF:0
FNH:0
DA:1,1
LF:1
LH:1
BRF:0
BRH:0
end_of_record
TN:
SF:/Users/manny/Projects/pokedex/source/components/Bar.js
FN:54,(anonymous_0)
FNF:1
FNH:1
FNDA:3,(anonymous_0)
DA:12,1
DA:13,1
DA:15,1
DA:54,1
DA:55,3
DA:56,3
DA:57,3
DA:87,1
DA:91,1
LF:9
LH:9
BRF:0
BRH:0
end_of_record
TN:
SF:/Users/manny/Projects/pokedex/source/util/index.js
FN:32,(anonymous_0)
FN:32,(anonymous_1)
FN:37,(anonymous_2)
FN:37,(anonymous_3)
FN:50,(anonymous_4)
FNF:5
FNH:0
FNDA:0,(anonymous_0)
FNDA:0,(anonymous_1)
FNDA:0,(anonymous_2)
FNDA:0,(anonymous_3)
FNDA:0,(anonymous_4)
DA:3,1
DA:4,1
DA:6,1
DA:11,1
DA:16,1
DA:17,1
DA:18,1
DA:19,1
DA:20,1
DA:21,1
DA:22,1
DA:23,1
DA:24,1
DA:32,1
DA:33,0
DA:34,0
DA:37,1
DA:38,0
DA:39,0
DA:40,0
DA:43,1
DA:50,1
LF:22
LH:17
BRF:0
BRH:0
end_of_record
